2025-03-27 19:26:29	[34mINFO[0m	C:/Users/sonwg/GolandProjects/chat/initialize/Logger.go:53	æ—¥å¿—ç»„ä»¶åˆå§‹åŒ–æˆåŠŸ
2025-03-27 19:26:29	[31mFATAL[0m	C:/Users/sonwg/GolandProjects/chat/initialize/Database.go:24	æ•°æ®åº“è¿æ¥å¤±è´¥invalid DSN: missing the slash separating the database name
2025-03-27 19:31:26	[34mINFO[0m	C:/Users/sonwg/GolandProjects/chat/initialize/Logger.go:53	æ—¥å¿—ç»„ä»¶åˆå§‹åŒ–æˆåŠŸ
2025-03-27 19:31:26	[31mFATAL[0m	C:/Users/sonwg/GolandProjects/chat/initialize/Database.go:24	æ•°æ®åº“è¿æ¥å¤±è´¥invalid DSN: missing the slash separating the database name
2025-03-27 19:33:21	[34mINFO[0m	C:/Users/sonwg/GolandProjects/chat/initialize/Logger.go:53	æ—¥å¿—ç»„ä»¶åˆå§‹åŒ–æˆåŠŸ
2025-03-27 19:33:21	[34mINFO[0m	C:/Users/sonwg/GolandProjects/chat/initialize/Database.go:27	æ•°æ®åº“é“¾æ¥æˆåŠŸ
2025-03-27 19:33:22	[34mINFO[0m	C:/Users/sonwg/GolandProjects/chat/initialize/Database.go:39	redisè¿æ¥æˆåŠŸ
2025-03-27 22:08:09	[34mINFO[0m	C:/Users/sonwg/GolandProjects/chat/initialize/Logger.go:53	æ—¥å¿—ç»„ä»¶åˆå§‹åŒ–æˆåŠŸ
2025-03-27 22:08:09	[34mINFO[0m	C:/Users/sonwg/GolandProjects/chat/initialize/Database.go:27	æ•°æ®åº“é“¾æ¥æˆåŠŸ
2025-03-27 22:08:10	[34mINFO[0m	C:/Users/sonwg/GolandProjects/chat/initialize/Database.go:39	redisè¿æ¥æˆåŠŸ
2025-03-27 22:10:23	[34mINFO[0m	C:/Users/sonwg/GolandProjects/chat/initialize/Logger.go:53	æ—¥å¿—ç»„ä»¶åˆå§‹åŒ–æˆåŠŸ
2025-03-27 22:10:23	[34mINFO[0m	C:/Users/sonwg/GolandProjects/chat/initialize/Database.go:27	æ•°æ®åº“é“¾æ¥æˆåŠŸ
2025-03-27 22:10:23	[34mINFO[0m	C:/Users/sonwg/GolandProjects/chat/initialize/Database.go:39	redisè¿æ¥æˆåŠŸ
2025-03-27 22:15:47	[34mINFO[0m	C:/Users/sonwg/GolandProjects/chat/initialize/Logger.go:53	æ—¥å¿—ç»„ä»¶åˆå§‹åŒ–æˆåŠŸ
2025-03-27 22:15:47	[34mINFO[0m	C:/Users/sonwg/GolandProjects/chat/initialize/Database.go:27	æ•°æ®åº“é“¾æ¥æˆåŠŸ
2025-03-27 22:15:47	[34mINFO[0m	C:/Users/sonwg/GolandProjects/chat/initialize/Database.go:39	redisè¿æ¥æˆåŠŸ
2025-03-27 22:15:47	[34mINFO[0m	C:/Users/sonwg/GolandProjects/chat/cmd/server/main.go:15	æœåŠ¡æ­£åœ¨å¯åŠ¨......
2025-03-28 00:48:42	[34mINFO[0m	C:/Users/sonwg/GolandProjects/chat/initialize/Logger.go:53	æ—¥å¿—ç»„ä»¶åˆå§‹åŒ–æˆåŠŸ
2025-03-28 00:48:42	[31mFATAL[0m	C:/Users/sonwg/GolandProjects/chat/initialize/Database.go:24	æ•°æ®åº“è¿æ¥å¤±è´¥Error 1049 (42000): Unknown database 'chatroom'
2025-03-28 00:52:35	[34mINFO[0m	C:/Users/sonwg/GolandProjects/chat/initialize/Logger.go:53	æ—¥å¿—ç»„ä»¶åˆå§‹åŒ–æˆåŠŸ
2025-03-28 00:52:35	[34mINFO[0m	C:/Users/sonwg/GolandProjects/chat/initialize/Database.go:27	æ•°æ®åº“é“¾æ¥æˆåŠŸ
2025-03-28 00:52:35	[34mINFO[0m	C:/Users/sonwg/GolandProjects/chat/initialize/Database.go:39	redisè¿æ¥æˆåŠŸ
2025-03-28 00:52:35	[34mINFO[0m	C:/Users/sonwg/GolandProjects/chat/cmd/server/main.go:15	æœåŠ¡æ­£åœ¨å¯åŠ¨......
2025-03-28 22:13:38	[34mINFO[0m	C:/Users/sonwg/GolandProjects/chat/initialize/Logger.go:53	æ—¥å¿—ç»„ä»¶åˆå§‹åŒ–æˆåŠŸ
2025-03-28 22:13:38	[34mINFO[0m	C:/Users/sonwg/GolandProjects/chat/initialize/Database.go:27	æ•°æ®åº“é“¾æ¥æˆåŠŸ
2025-03-28 22:13:38	[34mINFO[0m	C:/Users/sonwg/GolandProjects/chat/initialize/Database.go:39	redisè¿æ¥æˆåŠŸ
2025-03-28 22:13:38	[34mINFO[0m	C:/Users/sonwg/GolandProjects/chat/cmd/server/main.go:15	æœåŠ¡æ­£åœ¨å¯åŠ¨......
2025-03-29 01:53:09	[34mINFO[0m	C:/Users/sonwg/GolandProjects/chat/initialize/Logger.go:53	æ—¥å¿—ç»„ä»¶åˆå§‹åŒ–æˆåŠŸ
2025-03-29 01:53:09	[34mINFO[0m	C:/Users/sonwg/GolandProjects/chat/initialize/Database.go:27	æ•°æ®åº“é“¾æ¥æˆåŠŸ
2025-03-29 01:53:09	[34mINFO[0m	C:/Users/sonwg/GolandProjects/chat/initialize/Database.go:39	redisè¿æ¥æˆåŠŸ
2025-03-29 01:53:09	[34mINFO[0m	C:/Users/sonwg/GolandProjects/chat/cmd/server/main.go:15	æœåŠ¡æ­£åœ¨å¯åŠ¨......
2025-03-29 01:53:34	[34mINFO[0m	C:/Users/sonwg/GolandProjects/chat/initialize/Logger.go:53	æ—¥å¿—ç»„ä»¶åˆå§‹åŒ–æˆåŠŸ
2025-03-29 01:53:34	[34mINFO[0m	C:/Users/sonwg/GolandProjects/chat/initialize/Database.go:27	æ•°æ®åº“é“¾æ¥æˆåŠŸ
2025-03-29 01:53:34	[34mINFO[0m	C:/Users/sonwg/GolandProjects/chat/initialize/Database.go:39	redisè¿æ¥æˆåŠŸ
2025-03-29 01:53:34	[34mINFO[0m	C:/Users/sonwg/GolandProjects/chat/cmd/server/main.go:15	æœåŠ¡æ­£åœ¨å¯åŠ¨......
2025-03-29 01:56:38	[34mINFO[0m	C:/Users/sonwg/GolandProjects/chat/initialize/Logger.go:53	æ—¥å¿—ç»„ä»¶åˆå§‹åŒ–æˆåŠŸ
2025-03-29 01:56:38	[34mINFO[0m	C:/Users/sonwg/GolandProjects/chat/initialize/Database.go:27	æ•°æ®åº“é“¾æ¥æˆåŠŸ
2025-03-29 01:56:38	[34mINFO[0m	C:/Users/sonwg/GolandProjects/chat/initialize/Database.go:39	redisè¿æ¥æˆåŠŸ
2025-03-29 01:56:38	[34mINFO[0m	C:/Users/sonwg/GolandProjects/chat/cmd/server/main.go:15	æœåŠ¡æ­£åœ¨å¯åŠ¨......
2025-03-29 18:23:14	[34mINFO[0m	C:/Users/sonwg/GolandProjects/chat/initialize/Logger.go:53	æ—¥å¿—ç»„ä»¶åˆå§‹åŒ–æˆåŠŸ
2025-03-29 18:23:14	[34mINFO[0m	C:/Users/sonwg/GolandProjects/chat/initialize/Database.go:27	æ•°æ®åº“é“¾æ¥æˆåŠŸ
2025-03-29 18:23:14	[34mINFO[0m	C:/Users/sonwg/GolandProjects/chat/initialize/Database.go:39	redisè¿æ¥æˆåŠŸ
2025-03-29 18:23:14	[34mINFO[0m	C:/Users/sonwg/GolandProjects/chat/cmd/server/main.go:19	æœåŠ¡æ­£åœ¨å¯åŠ¨......
2025-03-29 18:28:31	[34mINFO[0m	C:/Users/sonwg/GolandProjects/chat/initialize/Logger.go:53	æ—¥å¿—ç»„ä»¶åˆå§‹åŒ–æˆåŠŸ
2025-03-29 18:28:31	[34mINFO[0m	C:/Users/sonwg/GolandProjects/chat/initialize/Database.go:27	æ•°æ®åº“é“¾æ¥æˆåŠŸ
2025-03-29 18:28:32	[34mINFO[0m	C:/Users/sonwg/GolandProjects/chat/initialize/Database.go:39	redisè¿æ¥æˆåŠŸ
2025-03-29 18:28:32	[34mINFO[0m	C:/Users/sonwg/GolandProjects/chat/cmd/server/main.go:19	æœåŠ¡æ­£åœ¨å¯åŠ¨......
2025-03-29 18:43:44	[34mINFO[0m	C:/Users/sonwg/GolandProjects/chat/initialize/Logger.go:53	æ—¥å¿—ç»„ä»¶åˆå§‹åŒ–æˆåŠŸ
2025-03-29 18:43:44	[34mINFO[0m	C:/Users/sonwg/GolandProjects/chat/initialize/Database.go:27	æ•°æ®åº“é“¾æ¥æˆåŠŸ
2025-03-29 18:43:44	[34mINFO[0m	C:/Users/sonwg/GolandProjects/chat/initialize/Database.go:39	redisè¿æ¥æˆåŠŸ
2025-03-29 18:43:44	[34mINFO[0m	C:/Users/sonwg/GolandProjects/chat/cmd/server/main.go:19	æœåŠ¡æ­£åœ¨å¯åŠ¨......
2025-03-29 18:47:47	[34mINFO[0m	C:/Users/sonwg/GolandProjects/chat/initialize/Logger.go:53	æ—¥å¿—ç»„ä»¶åˆå§‹åŒ–æˆåŠŸ
2025-03-29 18:47:47	[34mINFO[0m	C:/Users/sonwg/GolandProjects/chat/initialize/Database.go:27	æ•°æ®åº“é“¾æ¥æˆåŠŸ
2025-03-29 18:47:47	[34mINFO[0m	C:/Users/sonwg/GolandProjects/chat/initialize/Database.go:39	redisè¿æ¥æˆåŠŸ
2025-03-29 18:47:47	[34mINFO[0m	C:/Users/sonwg/GolandProjects/chat/cmd/server/main.go:19	æœåŠ¡æ­£åœ¨å¯åŠ¨......
2025-03-29 19:38:50	[34mINFO[0m	C:/Users/sonwg/GolandProjects/chat/initialize/Logger.go:53	æ—¥å¿—ç»„ä»¶åˆå§‹åŒ–æˆåŠŸ
2025-03-29 19:38:50	[34mINFO[0m	C:/Users/sonwg/GolandProjects/chat/initialize/Database.go:27	æ•°æ®åº“é“¾æ¥æˆåŠŸ
2025-03-29 19:38:50	[34mINFO[0m	C:/Users/sonwg/GolandProjects/chat/initialize/Database.go:39	redisè¿æ¥æˆåŠŸ
2025-03-29 19:38:50	[34mINFO[0m	C:/Users/sonwg/GolandProjects/chat/cmd/server/main.go:19	æœåŠ¡æ­£åœ¨å¯åŠ¨......
2025-03-29 20:03:53	[34mINFO[0m	C:/Users/sonwg/GolandProjects/chat/initialize/Logger.go:53	æ—¥å¿—ç»„ä»¶åˆå§‹åŒ–æˆåŠŸ
2025-03-29 20:03:53	[34mINFO[0m	C:/Users/sonwg/GolandProjects/chat/initialize/Database.go:27	æ•°æ®åº“é“¾æ¥æˆåŠŸ
2025-03-29 20:03:53	[34mINFO[0m	C:/Users/sonwg/GolandProjects/chat/initialize/Database.go:39	redisè¿æ¥æˆåŠŸ
2025-03-29 20:03:53	[34mINFO[0m	C:/Users/sonwg/GolandProjects/chat/cmd/server/main.go:19	æœåŠ¡æ­£åœ¨å¯åŠ¨......
2025-03-29 20:31:14	[34mINFO[0m	C:/Users/sonwg/GolandProjects/chat/initialize/Logger.go:53	æ—¥å¿—ç»„ä»¶åˆå§‹åŒ–æˆåŠŸ
2025-03-29 20:31:14	[34mINFO[0m	C:/Users/sonwg/GolandProjects/chat/initialize/Database.go:27	æ•°æ®åº“é“¾æ¥æˆåŠŸ
2025-03-29 20:31:14	[34mINFO[0m	C:/Users/sonwg/GolandProjects/chat/initialize/Database.go:39	redisè¿æ¥æˆåŠŸ
2025-03-29 20:31:14	[34mINFO[0m	C:/Users/sonwg/GolandProjects/chat/cmd/server/main.go:19	æœåŠ¡æ­£åœ¨å¯åŠ¨......
2025-03-30 00:00:35	[34mINFO[0m	C:/Users/sonwg/GolandProjects/chat/initialize/Logger.go:53	æ—¥å¿—ç»„ä»¶åˆå§‹åŒ–æˆåŠŸ
2025-03-30 00:00:35	[34mINFO[0m	C:/Users/sonwg/GolandProjects/chat/initialize/Database.go:27	æ•°æ®åº“é“¾æ¥æˆåŠŸ
2025-03-30 00:00:35	[34mINFO[0m	C:/Users/sonwg/GolandProjects/chat/initialize/Database.go:39	redisè¿æ¥æˆåŠŸ
2025-03-30 00:00:35	[34mINFO[0m	C:/Users/sonwg/GolandProjects/chat/cmd/server/main.go:19	æœåŠ¡æ­£åœ¨å¯åŠ¨......
2025-03-30 00:21:38	[34mINFO[0m	C:/Users/sonwg/GolandProjects/chat/initialize/Logger.go:53	æ—¥å¿—ç»„ä»¶åˆå§‹åŒ–æˆåŠŸ
2025-03-30 00:21:38	[34mINFO[0m	C:/Users/sonwg/GolandProjects/chat/initialize/Database.go:27	æ•°æ®åº“é“¾æ¥æˆåŠŸ
2025-03-30 00:21:39	[34mINFO[0m	C:/Users/sonwg/GolandProjects/chat/initialize/Database.go:39	redisè¿æ¥æˆåŠŸ
2025-03-30 00:21:39	[34mINFO[0m	C:/Users/sonwg/GolandProjects/chat/cmd/server/main.go:19	æœåŠ¡æ­£åœ¨å¯åŠ¨......
2025-03-30 02:31:46	[34mINFO[0m	C:/Users/sonwg/GolandProjects/chat/initialize/Logger.go:53	æ—¥å¿—ç»„ä»¶åˆå§‹åŒ–æˆåŠŸ
2025-03-30 02:31:46	[34mINFO[0m	C:/Users/sonwg/GolandProjects/chat/initialize/Database.go:27	æ•°æ®åº“é“¾æ¥æˆåŠŸ
2025-03-30 02:31:46	[34mINFO[0m	C:/Users/sonwg/GolandProjects/chat/initialize/Database.go:39	redisè¿æ¥æˆåŠŸ
2025-03-30 02:31:46	[34mINFO[0m	C:/Users/sonwg/GolandProjects/chat/cmd/server/main.go:19	æœåŠ¡æ­£åœ¨å¯åŠ¨......
2025-03-30 02:35:59	[34mINFO[0m	C:/Users/sonwg/GolandProjects/chat/initialize/Logger.go:53	æ—¥å¿—ç»„ä»¶åˆå§‹åŒ–æˆåŠŸ
2025-03-30 02:35:59	[34mINFO[0m	C:/Users/sonwg/GolandProjects/chat/initialize/Database.go:27	æ•°æ®åº“é“¾æ¥æˆåŠŸ
2025-03-30 02:35:59	[34mINFO[0m	C:/Users/sonwg/GolandProjects/chat/initialize/Database.go:39	redisè¿æ¥æˆåŠŸ
2025-03-30 02:35:59	[34mINFO[0m	C:/Users/sonwg/GolandProjects/chat/cmd/server/main.go:19	æœåŠ¡æ­£åœ¨å¯åŠ¨......
2025-03-30 02:42:43	[34mINFO[0m	C:/Users/sonwg/GolandProjects/chat/initialize/Logger.go:53	æ—¥å¿—ç»„ä»¶åˆå§‹åŒ–æˆåŠŸ
2025-03-30 02:42:43	[34mINFO[0m	C:/Users/sonwg/GolandProjects/chat/initialize/Database.go:27	æ•°æ®åº“é“¾æ¥æˆåŠŸ
2025-03-30 02:42:43	[34mINFO[0m	C:/Users/sonwg/GolandProjects/chat/initialize/Database.go:39	redisè¿æ¥æˆåŠŸ
2025-03-30 02:42:43	[34mINFO[0m	C:/Users/sonwg/GolandProjects/chat/cmd/server/main.go:19	æœåŠ¡æ­£åœ¨å¯åŠ¨......
2025-03-30 17:22:05	[34mINFO[0m	C:/Users/sonwg/GolandProjects/chat/initialize/Logger.go:53	æ—¥å¿—ç»„ä»¶åˆå§‹åŒ–æˆåŠŸ
2025-03-30 17:22:05	[34mINFO[0m	C:/Users/sonwg/GolandProjects/chat/initialize/Database.go:27	æ•°æ®åº“é“¾æ¥æˆåŠŸ
2025-03-30 17:22:05	[34mINFO[0m	C:/Users/sonwg/GolandProjects/chat/initialize/Database.go:39	redisè¿æ¥æˆåŠŸ
2025-03-30 17:22:05	[34mINFO[0m	C:/Users/sonwg/GolandProjects/chat/cmd/server/main.go:19	æœåŠ¡æ­£åœ¨å¯åŠ¨......
2025-03-31 20:02:04	[34mINFO[0m	C:/Users/sonwg/GolandProjects/chat/initialize/Logger.go:53	æ—¥å¿—ç»„ä»¶åˆå§‹åŒ–æˆåŠŸ
2025-03-31 20:02:04	[31mFATAL[0m	C:/Users/sonwg/GolandProjects/chat/initialize/Database.go:24	æ•°æ®åº“è¿æ¥å¤±è´¥dial tcp 127.0.0.1:3307: connectex: No connection could be made because the target machine actively refused it.
2025-03-31 20:06:48	[34mINFO[0m	C:/Users/sonwg/GolandProjects/chat/initialize/Logger.go:53	æ—¥å¿—ç»„ä»¶åˆå§‹åŒ–æˆåŠŸ
2025-03-31 20:06:48	[34mINFO[0m	C:/Users/sonwg/GolandProjects/chat/initialize/Database.go:27	æ•°æ®åº“é“¾æ¥æˆåŠŸ
2025-03-31 20:06:48	[34mINFO[0m	C:/Users/sonwg/GolandProjects/chat/initialize/Database.go:39	redisè¿æ¥æˆåŠŸ
2025-03-31 20:06:48	[34mINFO[0m	C:/Users/sonwg/GolandProjects/chat/cmd/server/main.go:19	æœåŠ¡æ­£åœ¨å¯åŠ¨......
2025-03-31 20:15:22	[34mINFO[0m	C:/Users/sonwg/GolandProjects/chat/initialize/Logger.go:53	æ—¥å¿—ç»„ä»¶åˆå§‹åŒ–æˆåŠŸ
2025-03-31 20:15:22	[34mINFO[0m	C:/Users/sonwg/GolandProjects/chat/initialize/Database.go:27	æ•°æ®åº“é“¾æ¥æˆåŠŸ
2025-03-31 20:15:22	[34mINFO[0m	C:/Users/sonwg/GolandProjects/chat/initialize/Database.go:39	redisè¿æ¥æˆåŠŸ
2025-03-31 20:15:22	[34mINFO[0m	C:/Users/sonwg/GolandProjects/chat/cmd/server/main.go:19	æœåŠ¡æ­£åœ¨å¯åŠ¨......
2025-03-31 21:44:40	[34mINFO[0m	C:/Users/sonwg/GolandProjects/chat/initialize/Logger.go:53	æ—¥å¿—ç»„ä»¶åˆå§‹åŒ–æˆåŠŸ
2025-03-31 21:44:40	[34mINFO[0m	C:/Users/sonwg/GolandProjects/chat/initialize/Database.go:27	æ•°æ®åº“é“¾æ¥æˆåŠŸ
2025-03-31 21:44:40	[34mINFO[0m	C:/Users/sonwg/GolandProjects/chat/initialize/Database.go:39	redisè¿æ¥æˆåŠŸ
2025-03-31 21:44:40	[34mINFO[0m	C:/Users/sonwg/GolandProjects/chat/cmd/server/main.go:19	æœåŠ¡æ­£åœ¨å¯åŠ¨......
2025-03-31 21:48:18	[34mINFO[0m	C:/Users/sonwg/GolandProjects/chat/initialize/Logger.go:53	æ—¥å¿—ç»„ä»¶åˆå§‹åŒ–æˆåŠŸ
2025-03-31 21:48:18	[34mINFO[0m	C:/Users/sonwg/GolandProjects/chat/initialize/Database.go:27	æ•°æ®åº“é“¾æ¥æˆåŠŸ
2025-03-31 21:48:19	[34mINFO[0m	C:/Users/sonwg/GolandProjects/chat/initialize/Database.go:39	redisè¿æ¥æˆåŠŸ
2025-03-31 21:48:19	[34mINFO[0m	C:/Users/sonwg/GolandProjects/chat/cmd/server/main.go:19	æœåŠ¡æ­£åœ¨å¯åŠ¨......
2025-03-31 21:52:17	[34mINFO[0m	C:/Users/sonwg/GolandProjects/chat/initialize/Logger.go:53	æ—¥å¿—ç»„ä»¶åˆå§‹åŒ–æˆåŠŸ
2025-03-31 21:52:17	[34mINFO[0m	C:/Users/sonwg/GolandProjects/chat/initialize/Database.go:27	æ•°æ®åº“é“¾æ¥æˆåŠŸ
2025-03-31 21:52:17	[34mINFO[0m	C:/Users/sonwg/GolandProjects/chat/initialize/Database.go:39	redisè¿æ¥æˆåŠŸ
2025-03-31 21:52:17	[34mINFO[0m	C:/Users/sonwg/GolandProjects/chat/cmd/server/main.go:19	æœåŠ¡æ­£åœ¨å¯åŠ¨......
2025-03-31 21:54:59	[34mINFO[0m	C:/Users/sonwg/GolandProjects/chat/initialize/Logger.go:53	æ—¥å¿—ç»„ä»¶åˆå§‹åŒ–æˆåŠŸ
2025-03-31 21:54:59	[34mINFO[0m	C:/Users/sonwg/GolandProjects/chat/initialize/Database.go:27	æ•°æ®åº“é“¾æ¥æˆåŠŸ
2025-03-31 21:54:59	[34mINFO[0m	C:/Users/sonwg/GolandProjects/chat/initialize/Database.go:39	redisè¿æ¥æˆåŠŸ
2025-03-31 21:54:59	[34mINFO[0m	C:/Users/sonwg/GolandProjects/chat/cmd/server/main.go:19	æœåŠ¡æ­£åœ¨å¯åŠ¨......
2025-03-31 21:59:37	[34mINFO[0m	C:/Users/sonwg/GolandProjects/chat/initialize/Logger.go:53	æ—¥å¿—ç»„ä»¶åˆå§‹åŒ–æˆåŠŸ
2025-03-31 21:59:37	[34mINFO[0m	C:/Users/sonwg/GolandProjects/chat/initialize/Database.go:27	æ•°æ®åº“é“¾æ¥æˆåŠŸ
2025-03-31 21:59:37	[34mINFO[0m	C:/Users/sonwg/GolandProjects/chat/initialize/Database.go:39	redisè¿æ¥æˆåŠŸ
2025-03-31 21:59:37	[34mINFO[0m	C:/Users/sonwg/GolandProjects/chat/cmd/server/main.go:19	æœåŠ¡æ­£åœ¨å¯åŠ¨......
2025-04-02 14:01:13	[34mINFO[0m	C:/Users/sonwg/GolandProjects/chat/initialize/Logger.go:53	æ—¥å¿—ç»„ä»¶åˆå§‹åŒ–æˆåŠŸ
2025-04-02 14:01:13	[34mINFO[0m	C:/Users/sonwg/GolandProjects/chat/initialize/Database.go:27	æ•°æ®åº“é“¾æ¥æˆåŠŸ
2025-04-02 14:01:14	[34mINFO[0m	C:/Users/sonwg/GolandProjects/chat/initialize/Database.go:39	redisè¿æ¥æˆåŠŸ
2025-04-02 14:01:14	[34mINFO[0m	C:/Users/sonwg/GolandProjects/chat/cmd/server/main.go:19	æœåŠ¡æ­£åœ¨å¯åŠ¨......
2025-04-02 14:01:53	[34mINFO[0m	C:/Users/sonwg/GolandProjects/chat/initialize/Logger.go:53	æ—¥å¿—ç»„ä»¶åˆå§‹åŒ–æˆåŠŸ
2025-04-02 14:01:53	[34mINFO[0m	C:/Users/sonwg/GolandProjects/chat/initialize/Database.go:27	æ•°æ®åº“é“¾æ¥æˆåŠŸ
2025-04-02 14:01:53	[34mINFO[0m	C:/Users/sonwg/GolandProjects/chat/initialize/Database.go:39	redisè¿æ¥æˆåŠŸ
2025-04-02 14:01:53	[34mINFO[0m	C:/Users/sonwg/GolandProjects/chat/cmd/server/main.go:19	æœåŠ¡æ­£åœ¨å¯åŠ¨......
2025-04-02 14:09:57	[34mINFO[0m	C:/Users/sonwg/GolandProjects/chat/initialize/Logger.go:53	æ—¥å¿—ç»„ä»¶åˆå§‹åŒ–æˆåŠŸ
2025-04-02 14:09:57	[34mINFO[0m	C:/Users/sonwg/GolandProjects/chat/initialize/Database.go:27	æ•°æ®åº“é“¾æ¥æˆåŠŸ
2025-04-02 14:09:57	[34mINFO[0m	C:/Users/sonwg/GolandProjects/chat/initialize/Database.go:39	redisè¿æ¥æˆåŠŸ
2025-04-02 14:09:57	[34mINFO[0m	C:/Users/sonwg/GolandProjects/chat/cmd/server/main.go:19	æœåŠ¡æ­£åœ¨å¯åŠ¨......
2025-04-02 14:13:44	[34mINFO[0m	C:/Users/sonwg/GolandProjects/chat/initialize/Logger.go:53	æ—¥å¿—ç»„ä»¶åˆå§‹åŒ–æˆåŠŸ
2025-04-02 14:13:44	[34mINFO[0m	C:/Users/sonwg/GolandProjects/chat/initialize/Database.go:27	æ•°æ®åº“é“¾æ¥æˆåŠŸ
2025-04-02 14:13:44	[34mINFO[0m	C:/Users/sonwg/GolandProjects/chat/initialize/Database.go:39	redisè¿æ¥æˆåŠŸ
2025-04-02 14:13:44	[34mINFO[0m	C:/Users/sonwg/GolandProjects/chat/cmd/server/main.go:19	æœåŠ¡æ­£åœ¨å¯åŠ¨......
2025-04-02 15:49:04	[34mINFO[0m	C:/Users/sonwg/GolandProjects/chat/initialize/Logger.go:53	æ—¥å¿—ç»„ä»¶åˆå§‹åŒ–æˆåŠŸ
2025-04-02 15:49:04	[34mINFO[0m	C:/Users/sonwg/GolandProjects/chat/initialize/Database.go:27	æ•°æ®åº“é“¾æ¥æˆåŠŸ
2025-04-02 15:49:04	[34mINFO[0m	C:/Users/sonwg/GolandProjects/chat/initialize/Database.go:39	redisè¿æ¥æˆåŠŸ
2025-04-02 15:49:04	[34mINFO[0m	C:/Users/sonwg/GolandProjects/chat/cmd/server/main.go:19	æœåŠ¡æ­£åœ¨å¯åŠ¨......
2025-04-02 16:20:16	[34mINFO[0m	C:/Users/sonwg/GolandProjects/chat/initialize/Logger.go:53	æ—¥å¿—ç»„ä»¶åˆå§‹åŒ–æˆåŠŸ
2025-04-02 16:20:16	[34mINFO[0m	C:/Users/sonwg/GolandProjects/chat/initialize/Database.go:27	æ•°æ®åº“é“¾æ¥æˆåŠŸ
2025-04-02 16:20:16	[34mINFO[0m	C:/Users/sonwg/GolandProjects/chat/initialize/Database.go:39	redisè¿æ¥æˆåŠŸ
2025-04-02 16:20:16	[34mINFO[0m	C:/Users/sonwg/GolandProjects/chat/cmd/server/main.go:19	æœåŠ¡æ­£åœ¨å¯åŠ¨......
2025-04-02 17:00:54	[34mINFO[0m	C:/Users/sonwg/GolandProjects/chat/initialize/Logger.go:53	æ—¥å¿—ç»„ä»¶åˆå§‹åŒ–æˆåŠŸ
2025-04-02 17:00:54	[34mINFO[0m	C:/Users/sonwg/GolandProjects/chat/initialize/Database.go:27	æ•°æ®åº“é“¾æ¥æˆåŠŸ
2025-04-02 17:00:55	[34mINFO[0m	C:/Users/sonwg/GolandProjects/chat/initialize/Database.go:39	redisè¿æ¥æˆåŠŸ
2025-04-02 17:00:55	[34mINFO[0m	C:/Users/sonwg/GolandProjects/chat/cmd/server/main.go:19	æœåŠ¡æ­£åœ¨å¯åŠ¨......
